[2018-08-23T16:53:38.981] [ERROR] errorLog - TypeError: Cannot read property 'need_auth' of undefined
    at _callee$ (G:/node/node-service-frame/server/util/jwtAuth.js:12:13)
    at tryCatch (G:\node\node-service-frame\node_modules\regenerator-runtime\runtime.js:62:40)
    at Generator.invoke [as _invoke] (G:\node\node-service-frame\node_modules\regenerator-runtime\runtime.js:296:22)
    at Generator.prototype.(anonymous function) [as next] (G:\node\node-service-frame\node_modules\regenerator-runtime\runtime.js:114:21)
    at step (G:\node\node-service-frame\node_modules\babel-runtime\helpers\asyncToGenerator.js:17:30)
    at G:\node\node-service-frame\node_modules\babel-runtime\helpers\asyncToGenerator.js:35:14
    at new Promise (<anonymous>)
    at new F (G:\node\node-service-frame\node_modules\core-js\library\modules\_export.js:36:28)
    at G:\node\node-service-frame\node_modules\babel-runtime\helpers\asyncToGenerator.js:14:12
    at jwtAuth (G:\node\node-service-frame\server\util\jwtAuth.js:120:21)
    at dispatch (G:\node\node-service-frame\node_modules\koa-compose\index.js:42:32)
    at cors (G:\node\node-service-frame\node_modules\koa2-cors\dist\index.js:91:15)
    at dispatch (G:\node\node-service-frame\node_modules\koa-compose\index.js:42:32)
    at _callee$ (G:/node/node-service-frame/server/routers/clientRouter.js:7:15)
    at tryCatch (G:\node\node-service-frame\node_modules\regenerator-runtime\runtime.js:62:40)
    at Generator.invoke [as _invoke] (G:\node\node-service-frame\node_modules\regenerator-runtime\runtime.js:296:22)
[2018-08-23T16:53:39.985] [ERROR] errorLog - TypeError: Cannot read property 'need_auth' of undefined
    at _callee$ (G:/node/node-service-frame/server/util/jwtAuth.js:12:13)
    at tryCatch (G:\node\node-service-frame\node_modules\regenerator-runtime\runtime.js:62:40)
    at Generator.invoke [as _invoke] (G:\node\node-service-frame\node_modules\regenerator-runtime\runtime.js:296:22)
    at Generator.prototype.(anonymous function) [as next] (G:\node\node-service-frame\node_modules\regenerator-runtime\runtime.js:114:21)
    at step (G:\node\node-service-frame\node_modules\babel-runtime\helpers\asyncToGenerator.js:17:30)
    at G:\node\node-service-frame\node_modules\babel-runtime\helpers\asyncToGenerator.js:35:14
    at new Promise (<anonymous>)
    at new F (G:\node\node-service-frame\node_modules\core-js\library\modules\_export.js:36:28)
    at G:\node\node-service-frame\node_modules\babel-runtime\helpers\asyncToGenerator.js:14:12
    at jwtAuth (G:\node\node-service-frame\server\util\jwtAuth.js:120:21)
    at dispatch (G:\node\node-service-frame\node_modules\koa-compose\index.js:42:32)
    at cors (G:\node\node-service-frame\node_modules\koa2-cors\dist\index.js:91:15)
    at dispatch (G:\node\node-service-frame\node_modules\koa-compose\index.js:42:32)
    at _callee$ (G:/node/node-service-frame/server/routers/clientRouter.js:7:15)
    at tryCatch (G:\node\node-service-frame\node_modules\regenerator-runtime\runtime.js:62:40)
    at Generator.invoke [as _invoke] (G:\node\node-service-frame\node_modules\regenerator-runtime\runtime.js:296:22)
[2018-08-23T16:53:53.602] [ERROR] errorLog - TypeError: Cannot read property 'need_auth' of undefined
    at _callee$ (G:/node/node-service-frame/server/util/jwtAuth.js:12:13)
    at tryCatch (G:\node\node-service-frame\node_modules\regenerator-runtime\runtime.js:62:40)
    at Generator.invoke [as _invoke] (G:\node\node-service-frame\node_modules\regenerator-runtime\runtime.js:296:22)
    at Generator.prototype.(anonymous function) [as next] (G:\node\node-service-frame\node_modules\regenerator-runtime\runtime.js:114:21)
    at step (G:\node\node-service-frame\node_modules\babel-runtime\helpers\asyncToGenerator.js:17:30)
    at G:\node\node-service-frame\node_modules\babel-runtime\helpers\asyncToGenerator.js:35:14
    at new Promise (<anonymous>)
    at new F (G:\node\node-service-frame\node_modules\core-js\library\modules\_export.js:36:28)
    at G:\node\node-service-frame\node_modules\babel-runtime\helpers\asyncToGenerator.js:14:12
    at jwtAuth (G:\node\node-service-frame\server\util\jwtAuth.js:120:21)
    at dispatch (G:\node\node-service-frame\node_modules\koa-compose\index.js:42:32)
    at cors (G:\node\node-service-frame\node_modules\koa2-cors\dist\index.js:91:15)
    at dispatch (G:\node\node-service-frame\node_modules\koa-compose\index.js:42:32)
    at _callee$ (G:/node/node-service-frame/server/routers/clientRouter.js:7:15)
    at tryCatch (G:\node\node-service-frame\node_modules\regenerator-runtime\runtime.js:62:40)
    at Generator.invoke [as _invoke] (G:\node\node-service-frame\node_modules\regenerator-runtime\runtime.js:296:22)
[2018-08-23T16:55:17.708] [ERROR] errorLog - TypeError: Cannot read property 'need_auth' of undefined
    at _callee$ (G:/node/node-service-frame/server/util/jwtAuth.js:12:13)
    at tryCatch (G:\node\node-service-frame\node_modules\regenerator-runtime\runtime.js:62:40)
    at Generator.invoke [as _invoke] (G:\node\node-service-frame\node_modules\regenerator-runtime\runtime.js:296:22)
    at Generator.prototype.(anonymous function) [as next] (G:\node\node-service-frame\node_modules\regenerator-runtime\runtime.js:114:21)
    at step (G:\node\node-service-frame\node_modules\babel-runtime\helpers\asyncToGenerator.js:17:30)
    at G:\node\node-service-frame\node_modules\babel-runtime\helpers\asyncToGenerator.js:35:14
    at new Promise (<anonymous>)
    at new F (G:\node\node-service-frame\node_modules\core-js\library\modules\_export.js:36:28)
    at G:\node\node-service-frame\node_modules\babel-runtime\helpers\asyncToGenerator.js:14:12
    at jwtAuth (G:\node\node-service-frame\server\util\jwtAuth.js:120:21)
    at dispatch (G:\node\node-service-frame\node_modules\koa-compose\index.js:42:32)
    at _callee$ (G:/node/node-service-frame/server/routers/clientRouter.js:7:15)
    at tryCatch (G:\node\node-service-frame\node_modules\regenerator-runtime\runtime.js:62:40)
    at Generator.invoke [as _invoke] (G:\node\node-service-frame\node_modules\regenerator-runtime\runtime.js:296:22)
    at Generator.prototype.(anonymous function) [as next] (G:\node\node-service-frame\node_modules\regenerator-runtime\runtime.js:114:21)
    at step (G:\node\node-service-frame\node_modules\babel-runtime\helpers\asyncToGenerator.js:17:30)
