[2018-08-01T10:43:44.437] [ERROR] errorLog - TypeError: ctx.render is not a function
    at _callee$ (G:/node/node-service-frame/server/routers/clientRouter.js:10:17)
    at tryCatch (G:\node\node-service-frame\node_modules\regenerator-runtime\runtime.js:62:40)
    at Generator.invoke [as _invoke] (G:\node\node-service-frame\node_modules\regenerator-runtime\runtime.js:296:22)
    at Generator.prototype.(anonymous function) [as next] (G:\node\node-service-frame\node_modules\regenerator-runtime\runtime.js:114:21)
    at step (G:\node\node-service-frame\node_modules\babel-runtime\helpers\asyncToGenerator.js:17:30)
    at G:\node\node-service-frame\node_modules\babel-runtime\helpers\asyncToGenerator.js:35:14
    at new Promise (<anonymous>)
    at new F (G:\node\node-service-frame\node_modules\core-js\library\modules\_export.js:36:28)
    at G:\node\node-service-frame\node_modules\babel-runtime\helpers\asyncToGenerator.js:14:12
    at clientRoute (G:\node\node-service-frame\server\routers\clientRouter.js:47:21)
[2018-08-01T10:43:44.446] [ERROR] errorLog - TypeError: ctx.render is not a function
    at _callee$ (G:/node/node-service-frame/server/routers/clientRouter.js:10:17)
    at tryCatch (G:\node\node-service-frame\node_modules\regenerator-runtime\runtime.js:62:40)
    at Generator.invoke [as _invoke] (G:\node\node-service-frame\node_modules\regenerator-runtime\runtime.js:296:22)
    at Generator.prototype.(anonymous function) [as next] (G:\node\node-service-frame\node_modules\regenerator-runtime\runtime.js:114:21)
    at step (G:\node\node-service-frame\node_modules\babel-runtime\helpers\asyncToGenerator.js:17:30)
    at G:\node\node-service-frame\node_modules\babel-runtime\helpers\asyncToGenerator.js:35:14
    at new Promise (<anonymous>)
    at new F (G:\node\node-service-frame\node_modules\core-js\library\modules\_export.js:36:28)
    at G:\node\node-service-frame\node_modules\babel-runtime\helpers\asyncToGenerator.js:14:12
    at clientRoute (G:\node\node-service-frame\server\routers\clientRouter.js:47:21)
[2018-08-01T10:45:54.212] [ERROR] errorLog - TypeError: ctx.render is not a function
    at _callee$ (G:/node/node-service-frame/server/routers/clientRouter.js:10:23)
    at tryCatch (G:\node\node-service-frame\node_modules\regenerator-runtime\runtime.js:62:40)
    at Generator.invoke [as _invoke] (G:\node\node-service-frame\node_modules\regenerator-runtime\runtime.js:296:22)
    at Generator.prototype.(anonymous function) [as next] (G:\node\node-service-frame\node_modules\regenerator-runtime\runtime.js:114:21)
    at step (G:\node\node-service-frame\node_modules\babel-runtime\helpers\asyncToGenerator.js:17:30)
    at G:\node\node-service-frame\node_modules\babel-runtime\helpers\asyncToGenerator.js:35:14
    at new Promise (<anonymous>)
    at new F (G:\node\node-service-frame\node_modules\core-js\library\modules\_export.js:36:28)
    at G:\node\node-service-frame\node_modules\babel-runtime\helpers\asyncToGenerator.js:14:12
    at clientRoute (G:\node\node-service-frame\server\routers\clientRouter.js:57:21)
[2018-08-01T10:54:12.940] [ERROR] errorLog - { Error: ENOENT: no such file or directory, stat 'G:\node\node-service-frame\dist\home.html'
  errno: -4058,
  code: 'ENOENT',
  syscall: 'stat',
  path: 'G:\\node\\node-service-frame\\dist\\home.html' }
[2018-08-01T10:54:21.312] [ERROR] errorLog - { Error: ENOENT: no such file or directory, stat 'G:\node\node-service-frame\dist\home.html'
  errno: -4058,
  code: 'ENOENT',
  syscall: 'stat',
  path: 'G:\\node\\node-service-frame\\dist\\home.html' }
[2018-08-01T10:54:29.802] [ERROR] errorLog - { Error: ENOENT: no such file or directory, stat 'G:\node\node-service-frame\dist\home.html'
  errno: -4058,
  code: 'ENOENT',
  syscall: 'stat',
  path: 'G:\\node\\node-service-frame\\dist\\home.html' }
[2018-08-01T10:54:54.122] [ERROR] errorLog - { Error: ENOENT: no such file or directory, stat 'G:\node\node-service-frame\dist\home.html'
  errno: -4058,
  code: 'ENOENT',
  syscall: 'stat',
  path: 'G:\\node\\node-service-frame\\dist\\home.html' }
[2018-08-01T10:54:56.159] [ERROR] errorLog - { Error: ENOENT: no such file or directory, stat 'G:\node\node-service-frame\dist\home.html'
  errno: -4058,
  code: 'ENOENT',
  syscall: 'stat',
  path: 'G:\\node\\node-service-frame\\dist\\home.html' }
[2018-08-01T10:55:20.365] [ERROR] errorLog - { Error: ENOENT: no such file or directory, stat 'G:\node\node-service-frame\dist\home.html'
  errno: -4058,
  code: 'ENOENT',
  syscall: 'stat',
  path: 'G:\\node\\node-service-frame\\dist\\home.html' }
